Fetching page 0 from: https://webmention.io/api/mentions.jf2?domain=damianwalsh.co.uk&token=_dZhijGDx-m-0V813EPimQ&per-page=1000&page=0

Found 17 mentions on page 0

Fetching page 1 from: https://webmention.io/api/mentions.jf2?domain=damianwalsh.co.uk&token=_dZhijGDx-m-0V813EPimQ&per-page=1000&page=1

Found 0 mentions on page 1

Total mentions found: 17

Grouped webmentions: {
  "https://damianwalsh.co.uk/": [
    {
      "type": "entry",
      "author": {
        "type": "card",
        "name": "Tinchox5",
        "photo": "https://webmention.io/avatar/cdn.bsky.app/1ed8b0fddcaec33aa73f83886fbe0a629b1cdc326df8e7377fd0179af5af028f.jpg",
        "url": "https://bsky.app/profile/tinchox5.bsky.social"
      },
      "url": "https://bsky.app/profile/damianwalsh.bsky.social/post/3lkbsh5asxc2i#liked_by_did:plc:cwbssyktutiihluyx2lnlhkz",
      "published": null,
      "wm-received": "2025-03-14T07:48:47Z",
      "wm-id": 1893127,
      "wm-source": "https://brid.gy/like/bluesky/did:plc:lwoexpty5wlu4vstpora7yr3/at%253A%252F%252Fdid%253Aplc%253Alwoexpty5wlu4vstpora7yr3%252Fapp.bsky.feed.post%252F3lkbsh5asxc2i/did%253Aplc%253Acwbssyktutiihluyx2lnlhkz",
      "wm-target": "https://damianwalsh.co.uk/",
      "wm-protocol": "webmention",
      "like-of": "https://damianwalsh.co.uk/",
      "wm-property": "like-of",
      "wm-private": false
    },
    {
      "type": "entry",
      "author": {
        "type": "card",
        "name": "",
        "photo": "https://webmention.io/avatar/cdn.bsky.app/b58fea3b2634f6466c70787f798d1948068b7dc32db6035b692a6e6f08933a6a.jpg",
        "url": "https://bsky.app/profile/embodeee.bsky.social"
      },
      "url": "https://bsky.app/profile/damianwalsh.bsky.social/post/3lkbsh5asxc2i#liked_by_did:plc:tsvurdmlr4pnlke4c64v2o7l",
      "published": null,
      "wm-received": "2025-03-14T07:48:46Z",
      "wm-id": 1893125,
      "wm-source": "https://brid.gy/like/bluesky/did:plc:lwoexpty5wlu4vstpora7yr3/at%253A%252F%252Fdid%253Aplc%253Alwoexpty5wlu4vstpora7yr3%252Fapp.bsky.feed.post%252F3lkbsh5asxc2i/did%253Aplc%253Atsvurdmlr4pnlke4c64v2o7l",
      "wm-target": "https://damianwalsh.co.uk/",
      "wm-protocol": "webmention",
      "like-of": "https://damianwalsh.co.uk/",
      "wm-property": "like-of",
      "wm-private": false
    },
    {
      "type": "entry",
      "author": {
        "type": "card",
        "name": "Trump Did That (sticker in bio)",
        "photo": "https://webmention.io/avatar/cdn.bsky.app/eeb931836e64cd72ae33a04401ac4944a9bcedb9f5d0d879020d2d146101d127.jpg",
        "url": "https://bsky.app/profile/fedupstudio.bsky.social"
      },
      "url": "https://bsky.app/profile/damianwalsh.bsky.social/post/3lkbsh5asxc2i#liked_by_did:plc:bb6gmquayu3khqddc2qzw4me",
      "published": null,
      "wm-received": "2025-03-14T07:48:46Z",
      "wm-id": 1893126,
      "wm-source": "https://brid.gy/like/bluesky/did:plc:lwoexpty5wlu4vstpora7yr3/at%253A%252F%252Fdid%253Aplc%253Alwoexpty5wlu4vstpora7yr3%252Fapp.bsky.feed.post%252F3lkbsh5asxc2i/did%253Aplc%253Abb6gmquayu3khqddc2qzw4me",
      "wm-target": "https://damianwalsh.co.uk/",
      "wm-protocol": "webmention",
      "like-of": "https://damianwalsh.co.uk/",
      "wm-property": "like-of",
      "wm-private": false
    }
  ],
  "https://damianwalsh.co.uk/posts/creating-connections-with-music-and-technology/": [
    {
      "type": "entry",
      "author": {
        "type": "card",
        "name": "Eleventy ???? v3.0.0",
        "photo": "https://webmention.io/avatar/files.mastodon.social/8e11fc7c24ecef298727405f9dd171e91253a662cb92307f75997fdc4d2ba139.png",
        "url": "https://fosstodon.org/@eleventy"
      },
      "url": "https://mastodon.social/@damianwalsh/114070272441755021#reblogged-by-109325855780780907",
      "published": null,
      "wm-received": "2025-03-14T07:46:18Z",
      "wm-id": 1893124,
      "wm-source": "https://brid.gy/repost/mastodon/@damianwalsh@mastodon.social/114070272441755021/109325855780780907",
      "wm-target": "https://damianwalsh.co.uk/posts/creating-connections-with-music-and-technology/",
      "wm-protocol": "webmention",
      "repost-of": "https://damianwalsh.co.uk/posts/creating-connections-with-music-and-technology/",
      "wm-property": "repost-of",
      "wm-private": false
    },
    {
      "type": "entry",
      "author": {
        "type": "card",
        "name": "naz",
        "photo": "https://webmention.io/avatar/files.mastodon.social/688bc9138f58bb4bd421ff5be189922aee1fbde3883c2ae3e6d8d211eabc7252.jpg",
        "url": "https://mastodon.social/@nazhamid"
      },
      "url": "https://mastodon.social/@damianwalsh/114070272441755021#favorited-by-270465",
      "published": null,
      "wm-received": "2025-03-14T07:46:17Z",
      "wm-id": 1893122,
      "wm-source": "https://brid.gy/like/mastodon/@damianwalsh@mastodon.social/114070272441755021/270465",
      "wm-target": "https://damianwalsh.co.uk/posts/creating-connections-with-music-and-technology/",
      "wm-protocol": "webmention",
      "like-of": "https://damianwalsh.co.uk/posts/creating-connections-with-music-and-technology/",
      "wm-property": "like-of",
      "wm-private": false
    },
    {
      "type": "entry",
      "author": {
        "type": "card",
        "name": "Eleventy ???? v3.0.0",
        "photo": "https://webmention.io/avatar/files.mastodon.social/8e11fc7c24ecef298727405f9dd171e91253a662cb92307f75997fdc4d2ba139.png",
        "url": "https://fosstodon.org/@eleventy"
      },
      "url": "https://mastodon.social/@damianwalsh/114070272441755021#favorited-by-109325855780780907",
      "published": null,
      "wm-received": "2025-03-14T07:46:17Z",
      "wm-id": 1893123,
      "wm-source": "https://brid.gy/like/mastodon/@damianwalsh@mastodon.social/114070272441755021/109325855780780907",
      "wm-target": "https://damianwalsh.co.uk/posts/creating-connections-with-music-and-technology/",
      "wm-protocol": "webmention",
      "like-of": "https://damianwalsh.co.uk/posts/creating-connections-with-music-and-technology/",
      "wm-property": "like-of",
      "wm-private": false
    },
    {
      "type": "entry",
      "author": {
        "type": "card",
        "name": "Shane Rogers",
        "photo": "https://webmention.io/avatar/files.mastodon.social/7bedcc54a2c9704942c3254e336c8e8de51312e3c54e8b3ba7042e141a051e50.jpg",
        "url": "https://social.lol/@swrogers"
      },
      "url": "https://mastodon.social/@damianwalsh/114070272441755021#favorited-by-111893950382878750",
      "published": null,
      "wm-received": "2025-03-14T07:46:16Z",
      "wm-id": 1893120,
      "wm-source": "https://brid.gy/like/mastodon/@damianwalsh@mastodon.social/114070272441755021/111893950382878750",
      "wm-target": "https://damianwalsh.co.uk/posts/creating-connections-with-music-and-technology/",
      "wm-protocol": "webmention",
      "like-of": "https://damianwalsh.co.uk/posts/creating-connections-with-music-and-technology/",
      "wm-property": "like-of",
      "wm-private": false
    },
    {
      "type": "entry",
      "author": {
        "type": "card",
        "name": "Matt Hamilton",
        "photo": "https://webmention.io/avatar/files.mastodon.social/369d13bc107a568788d26f43d531ff84c6cf968ea80eeb93b54012c4a43449ed.jpg",
        "url": "https://mastodon.social/@eartothenoise"
      },
      "url": "https://mastodon.social/@damianwalsh/114070272441755021#favorited-by-515410",
      "published": null,
      "wm-received": "2025-03-14T07:46:16Z",
      "wm-id": 1893121,
      "wm-source": "https://brid.gy/like/mastodon/@damianwalsh@mastodon.social/114070272441755021/515410",
      "wm-target": "https://damianwalsh.co.uk/posts/creating-connections-with-music-and-technology/",
      "wm-protocol": "webmention",
      "like-of": "https://damianwalsh.co.uk/posts/creating-connections-with-music-and-technology/",
      "wm-property": "like-of",
      "wm-private": false
    },
    {
      "type": "entry",
      "author": {
        "type": "card",
        "name": "Matt",
        "photo": "https://webmention.io/avatar/files.mastodon.social/330603476015ea9ce7f1cbaebe6f04855641788a22bf781efa706f22584c83b3.jpg",
        "url": "https://social.lol/@wyrd"
      },
      "url": "https://mastodon.social/@damianwalsh/114070272441755021#favorited-by-111112133322293650",
      "published": null,
      "wm-received": "2025-03-14T07:46:15Z",
      "wm-id": 1893119,
      "wm-source": "https://brid.gy/like/mastodon/@damianwalsh@mastodon.social/114070272441755021/111112133322293650",
      "wm-target": "https://damianwalsh.co.uk/posts/creating-connections-with-music-and-technology/",
      "wm-protocol": "webmention",
      "like-of": "https://damianwalsh.co.uk/posts/creating-connections-with-music-and-technology/",
      "wm-property": "like-of",
      "wm-private": false
    },
    {
      "type": "entry",
      "author": {
        "type": "card",
        "name": "Eleventy ???? v3.0.0",
        "photo": "https://webmention.io/avatar/files.mastodon.social/8e11fc7c24ecef298727405f9dd171e91253a662cb92307f75997fdc4d2ba139.png",
        "url": "https://fosstodon.org/@eleventy"
      },
      "url": "https://fosstodon.org/@eleventy/114072751955518793",
      "published": "2025-02-26T23:20:59+00:00",
      "wm-received": "2025-03-14T07:46:14Z",
      "wm-id": 1893117,
      "wm-source": "https://brid.gy/comment/mastodon/@damianwalsh@mastodon.social/114070272441755021/114072752018629070",
      "wm-target": "https://damianwalsh.co.uk/posts/creating-connections-with-music-and-technology/",
      "wm-protocol": "webmention",
      "content": {
        "html": "<p><span class=\"h-card\"><a href=\"https://mastodon.social/@damianwalsh\" class=\"u-url\">@<span>damianwalsh</span></a></span> Amazing work Damian!</p>",
        "text": "@damianwalsh Amazing work Damian!"
      },
      "in-reply-to": "https://damianwalsh.co.uk/posts/creating-connections-with-music-and-technology/",
      "wm-property": "in-reply-to",
      "wm-private": false
    },
    {
      "type": "entry",
      "author": {
        "type": "card",
        "name": "damianwalsh",
        "photo": "https://webmention.io/avatar/files.mastodon.social/b3e4305ce87742689f9ce305601348015cd3e33f58a6230903b4ebe8dd0c4524.jpg",
        "url": "https://mastodon.social/@damianwalsh"
      },
      "url": "https://mastodon.social/@damianwalsh/114074554815314651",
      "published": "2025-02-27T06:59:29+00:00",
      "wm-received": "2025-03-14T07:46:14Z",
      "wm-id": 1893118,
      "wm-source": "https://brid.gy/comment/mastodon/@damianwalsh@mastodon.social/114070272441755021/114074554815314651",
      "wm-target": "https://damianwalsh.co.uk/posts/creating-connections-with-music-and-technology/",
      "wm-protocol": "webmention",
      "content": {
        "html": "<p><span class=\"h-card\"><a href=\"https://fosstodon.org/@eleventy\" class=\"u-url\">@<span>eleventy</span></a></span> Thank you!</p>",
        "text": "@eleventy Thank you!"
      },
      "in-reply-to": "https://damianwalsh.co.uk/posts/creating-connections-with-music-and-technology/",
      "wm-property": "in-reply-to",
      "wm-private": false
    },
    {
      "type": "entry",
      "author": {
        "type": "card",
        "name": "꓄ ???? ???? ???? ???????? ???? ???? ????",
        "photo": "https://webmention.io/avatar/files.mastodon.social/31fa855796159a7f3b43f8eb25a324b21bc4fdc5db5f9b27d8cc4c1910ab9ace.jpg",
        "url": "https://mastodon.social/@tomivvave"
      },
      "url": "https://mastodon.social/@damianwalsh/114070272441755021#favorited-by-109938403729417382",
      "published": null,
      "wm-received": "2025-03-14T07:46:13Z",
      "wm-id": 1893116,
      "wm-source": "https://brid.gy/like/mastodon/@damianwalsh@mastodon.social/114070272441755021/109938403729417382",
      "wm-target": "https://damianwalsh.co.uk/posts/creating-connections-with-music-and-technology/",
      "wm-protocol": "webmention",
      "like-of": "https://damianwalsh.co.uk/posts/creating-connections-with-music-and-technology/",
      "wm-property": "like-of",
      "wm-private": false
    },
    {
      "type": "entry",
      "author": {
        "type": "card",
        "name": "jailandrade",
        "photo": "https://webmention.io/avatar/files.mastodon.social/3c8730eba41e2b9fef7a16ae65fe5917290a8042e285885f8fa28d8d33a6ab06.png",
        "url": "https://mastodon.social/@jailandrade"
      },
      "url": "https://mastodon.social/@damianwalsh/114156665300747039#favorited-by-261257",
      "published": null,
      "wm-received": "2025-03-14T07:46:02Z",
      "wm-id": 1893112,
      "wm-source": "https://brid.gy/like/mastodon/@damianwalsh@mastodon.social/114156665300747039/261257",
      "wm-target": "https://damianwalsh.co.uk/posts/creating-connections-with-music-and-technology/",
      "wm-protocol": "webmention",
      "like-of": "https://damianwalsh.co.uk/posts/creating-connections-with-music-and-technology/",
      "wm-property": "like-of",
      "wm-private": false
    },
    {
      "type": "entry",
      "author": {
        "type": "card",
        "name": "Music Feed",
        "photo": "https://webmention.io/avatar/files.mastodon.social/2a355e8ebe7968eff2c0f472b2ddf0e673bb20294c43adc29145fbe2c2a358e9.png",
        "url": "https://newsmast.community/@music"
      },
      "url": "https://mastodon.social/@damianwalsh/114156665300747039#reblogged-by-111653091056470519",
      "published": null,
      "wm-received": "2025-03-14T07:46:02Z",
      "wm-id": 1893113,
      "wm-source": "https://brid.gy/repost/mastodon/@damianwalsh@mastodon.social/114156665300747039/111653091056470519",
      "wm-target": "https://damianwalsh.co.uk/posts/creating-connections-with-music-and-technology/",
      "wm-protocol": "webmention",
      "repost-of": "https://damianwalsh.co.uk/posts/creating-connections-with-music-and-technology/",
      "wm-property": "repost-of",
      "wm-private": false
    },
    {
      "type": "entry",
      "author": {
        "type": "card",
        "name": "Andrew \"Ace\" Arsenault",
        "photo": "https://webmention.io/avatar/files.mastodon.social/5fcba0c158df7845380880fe6fa21a3ba9148795e44e1ef42921e84fd0d4915f.png",
        "url": "https://fosstodon.org/@AceArsenault"
      },
      "url": "https://mastodon.social/@damianwalsh/114156665300747039#favorited-by-109541545945949310",
      "published": null,
      "wm-received": "2025-03-14T07:46:01Z",
      "wm-id": 1893111,
      "wm-source": "https://brid.gy/like/mastodon/@damianwalsh@mastodon.social/114156665300747039/109541545945949310",
      "wm-target": "https://damianwalsh.co.uk/posts/creating-connections-with-music-and-technology/",
      "wm-protocol": "webmention",
      "like-of": "https://damianwalsh.co.uk/posts/creating-connections-with-music-and-technology/",
      "wm-property": "like-of",
      "wm-private": false
    }
  ],
  "https://damianwalsh.co.uk/posts/dynamic-colour-palettes-with-oklch-and-css-custom-properties/": [
    {
      "type": "entry",
      "author": {
        "type": "card",
        "name": "Marc Thiele",
        "photo": "https://webmention.io/avatar/files.mastodon.social/0dfc5bcc8b0d8330a3deb81f4c42bfda0dc1670a84604d3ff3d1dbbf8e39dc62.jpg",
        "url": "https://mastodon.social/@marcthiele"
      },
      "url": "https://mastodon.social/@damianwalsh/114120301014230435#favorited-by-431042",
      "published": null,
      "wm-received": "2025-03-14T07:46:07Z",
      "wm-id": 1893115,
      "wm-source": "https://brid.gy/like/mastodon/@damianwalsh@mastodon.social/114120301014230435/431042",
      "wm-target": "https://damianwalsh.co.uk/posts/dynamic-colour-palettes-with-oklch-and-css-custom-properties/",
      "wm-protocol": "webmention",
      "like-of": "https://damianwalsh.co.uk/posts/dynamic-colour-palettes-with-oklch-and-css-custom-properties/",
      "wm-property": "like-of",
      "wm-private": false
    }
  ],
  "https://damianwalsh.co.uk/posts/cultivating-a-digital-garden/": [
    {
      "type": "entry",
      "author": {
        "type": "card",
        "name": "Robin Rendle",
        "photo": "https://webmention.io/avatar/files.mastodon.social/5c2c9249e4ef43b6577724b5b6b27002abde6910e151d24266848597914a09a4.png",
        "url": "https://sfba.social/@fonts"
      },
      "url": "https://mastodon.social/@damianwalsh/114145620043656945#favorited-by-109250004435569955",
      "published": null,
      "wm-received": "2025-03-14T07:46:05Z",
      "wm-id": 1893114,
      "wm-source": "https://brid.gy/like/mastodon/@damianwalsh@mastodon.social/114145620043656945/109250004435569955",
      "wm-target": "https://damianwalsh.co.uk/posts/cultivating-a-digital-garden/",
      "wm-protocol": "webmention",
      "like-of": "https://damianwalsh.co.uk/posts/cultivating-a-digital-garden/",
      "wm-property": "like-of",
      "wm-private": false
    }
  ]
}